 29-04-2026 18:52:59:988 [pid=20047 tid=20048] NOTICE  cufio-drv:855 running in compatible mode
 29-04-2026 18:53:00:948 [pid=20047 tid=20048] ERROR  cufio-fs:328 error creating udev_device for block device dev_no: 0:39
 29-04-2026 18:53:00:948 [pid=20047 tid=20048] ERROR  cufio-fs:767 error getting volume attributes error for device: dev_no: 0:39
 29-04-2026 18:53:00:948 [pid=20047 tid=20048] NOTICE  cufio:294 cuFileHandleRegister GDS not supported or disabled by config, using cuFile posix read/write with compat mode enabled
 29-04-2026 18:53:00:948 [pid=20047 tid=20048] ERROR  cufio-fs:328 error creating udev_device for block device dev_no: 0:39
 29-04-2026 18:53:00:948 [pid=20047 tid=20048] ERROR  cufio-fs:767 error getting volume attributes error for device: dev_no: 0:39
 29-04-2026 18:53:00:948 [pid=20047 tid=20048] ERROR  cufio-obj:242 unable to get volume attributes for fd 16
 29-04-2026 18:53:00:948 [pid=20047 tid=20048] ERROR  cufio:312 cuFileHandleRegister error, failed to allocate file object
 29-04-2026 18:53:00:948 [pid=20047 tid=20048] ERROR  cufio:340 cuFileHandleRegister error: internal error
 29-04-2026 18:54:53:701 [pid=20099 tid=20101] NOTICE  cufio-drv:855 running in compatible mode
 29-04-2026 18:54:54:629 [pid=20099 tid=20101] ERROR  cufio-fs:328 error creating udev_device for block device dev_no: 0:39
 29-04-2026 18:54:54:629 [pid=20099 tid=20101] ERROR  cufio-fs:767 error getting volume attributes error for device: dev_no: 0:39
 29-04-2026 18:54:54:629 [pid=20099 tid=20101] NOTICE  cufio:294 cuFileHandleRegister GDS not supported or disabled by config, using cuFile posix read/write with compat mode enabled
 29-04-2026 18:54:54:629 [pid=20099 tid=20101] ERROR  cufio-fs:328 error creating udev_device for block device dev_no: 0:39
 29-04-2026 18:54:54:629 [pid=20099 tid=20101] ERROR  cufio-fs:767 error getting volume attributes error for device: dev_no: 0:39
 29-04-2026 18:54:54:629 [pid=20099 tid=20101] ERROR  cufio-obj:242 unable to get volume attributes for fd 16
 29-04-2026 18:54:54:629 [pid=20099 tid=20101] ERROR  cufio:312 cuFileHandleRegister error, failed to allocate file object
 29-04-2026 18:54:54:629 [pid=20099 tid=20101] ERROR  cufio:340 cuFileHandleRegister error: internal error
 29-04-2026 18:55:25:255 [pid=20302 tid=20308] NOTICE  cufio-drv:855 running in compatible mode
 29-04-2026 18:55:26:191 [pid=20302 tid=20308] ERROR  cufio-fs:328 error creating udev_device for block device dev_no: 0:39
 29-04-2026 18:55:26:191 [pid=20302 tid=20308] ERROR  cufio-fs:767 error getting volume attributes error for device: dev_no: 0:39
 29-04-2026 18:55:26:191 [pid=20302 tid=20308] NOTICE  cufio:294 cuFileHandleRegister GDS not supported or disabled by config, using cuFile posix read/write with compat mode enabled
 29-04-2026 18:55:26:191 [pid=20302 tid=20307] ERROR  cufio-fs:328 error creating udev_device for block device dev_no: 0:39
 29-04-2026 18:55:26:191 [pid=20302 tid=20307] ERROR  cufio-fs:767 error getting volume attributes error for device: dev_no: 0:39
 29-04-2026 18:55:26:191 [pid=20302 tid=20307] NOTICE  cufio:294 cuFileHandleRegister GDS not supported or disabled by config, using cuFile posix read/write with compat mode enabled
 29-04-2026 18:55:26:191 [pid=20302 tid=20306] ERROR  cufio-fs:328 error creating udev_device for block device dev_no: 0:39
 29-04-2026 18:55:26:191 [pid=20302 tid=20306] ERROR  cufio-fs:767 error getting volume attributes error for device: dev_no: 0:39
 29-04-2026 18:55:26:191 [pid=20302 tid=20306] NOTICE  cufio:294 cuFileHandleRegister GDS not supported or disabled by config, using cuFile posix read/write with compat mode enabled
 29-04-2026 18:55:26:192 [pid=20302 tid=20305] ERROR  cufio-fs:328 error creating udev_device for block device dev_no: 0:39
 29-04-2026 18:55:26:192 [pid=20302 tid=20305] ERROR  cufio-fs:767 error getting volume attributes error for device: dev_no: 0:39
 29-04-2026 18:55:26:192 [pid=20302 tid=20305] NOTICE  cufio:294 cuFileHandleRegister GDS not supported or disabled by config, using cuFile posix read/write with compat mode enabled
 29-04-2026 18:55:26:192 [pid=20302 tid=20308] ERROR  cufio-fs:328 error creating udev_device for block device dev_no: 0:39
 29-04-2026 18:55:26:192 [pid=20302 tid=20308] ERROR  cufio-fs:767 error getting volume attributes error for device: dev_no: 0:39
 29-04-2026 18:55:26:192 [pid=20302 tid=20308] ERROR  cufio-obj:242 unable to get volume attributes for fd 19
 29-04-2026 18:55:26:192 [pid=20302 tid=20308] ERROR  cufio:312 cuFileHandleRegister error, failed to allocate file object
 29-04-2026 18:55:26:192 [pid=20302 tid=20308] ERROR  cufio:340 cuFileHandleRegister error: internal error
 29-04-2026 18:55:26:192 [pid=20302 tid=20307] ERROR  cufio-fs:328 error creating udev_device for block device dev_no: 0:39
 29-04-2026 18:55:26:192 [pid=20302 tid=20307] ERROR  cufio-fs:767 error getting volume attributes error for device: dev_no: 0:39
 29-04-2026 18:55:26:192 [pid=20302 tid=20307] ERROR  cufio-obj:242 unable to get volume attributes for fd 20
 29-04-2026 18:55:26:192 [pid=20302 tid=20307] ERROR  cufio:312 cuFileHandleRegister error, failed to allocate file object
 29-04-2026 18:55:26:192 [pid=20302 tid=20307] ERROR  cufio:340 cuFileHandleRegister error: internal error
 29-04-2026 18:55:26:192 [pid=20302 tid=20306] ERROR  cufio-fs:328 error creating udev_device for block device dev_no: 0:39
 29-04-2026 18:55:26:192 [pid=20302 tid=20306] ERROR  cufio-fs:767 error getting volume attributes error for device: dev_no: 0:39
 29-04-2026 18:55:26:192 [pid=20302 tid=20306] ERROR  cufio-obj:242 unable to get volume attributes for fd 22
 29-04-2026 18:55:26:192 [pid=20302 tid=20306] ERROR  cufio:312 cuFileHandleRegister error, failed to allocate file object
 29-04-2026 18:55:26:192 [pid=20302 tid=20306] ERROR  cufio:340 cuFileHandleRegister error: internal error
 29-04-2026 18:55:26:192 [pid=20302 tid=20305] ERROR  cufio-fs:328 error creating udev_device for block device dev_no: 0:39
 29-04-2026 18:55:26:192 [pid=20302 tid=20305] ERROR  cufio-fs:767 error getting volume attributes error for device: dev_no: 0:39
 29-04-2026 18:55:26:192 [pid=20302 tid=20305] ERROR  cufio-obj:242 unable to get volume attributes for fd 21
 29-04-2026 18:55:26:192 [pid=20302 tid=20305] ERROR  cufio:312 cuFileHandleRegister error, failed to allocate file object
 29-04-2026 18:55:26:192 [pid=20302 tid=20305] ERROR  cufio:340 cuFileHandleRegister error: internal error
 29-04-2026 18:56:20:716 [pid=20601 tid=20607] NOTICE  cufio-drv:855 running in compatible mode
 29-04-2026 18:56:21:666 [pid=20601 tid=20607] ERROR  cufio-fs:328 error creating udev_device for block device dev_no: 0:39
 29-04-2026 18:56:21:666 [pid=20601 tid=20607] ERROR  cufio-fs:767 error getting volume attributes error for device: dev_no: 0:39
 29-04-2026 18:56:21:666 [pid=20601 tid=20607] NOTICE  cufio:294 cuFileHandleRegister GDS not supported or disabled by config, using cuFile posix read/write with compat mode enabled
 29-04-2026 18:56:21:666 [pid=20601 tid=20605] ERROR  cufio-fs:328 error creating udev_device for block device dev_no: 0:39
 29-04-2026 18:56:21:666 [pid=20601 tid=20605] ERROR  cufio-fs:767 error getting volume attributes error for device: dev_no: 0:39
 29-04-2026 18:56:21:667 [pid=20601 tid=20605] NOTICE  cufio:294 cuFileHandleRegister GDS not supported or disabled by config, using cuFile posix read/write with compat mode enabled
 29-04-2026 18:56:21:667 [pid=20601 tid=20604] ERROR  cufio-fs:328 error creating udev_device for block device dev_no: 0:39
 29-04-2026 18:56:21:667 [pid=20601 tid=20604] ERROR  cufio-fs:767 error getting volume attributes error for device: dev_no: 0:39
 29-04-2026 18:56:21:667 [pid=20601 tid=20604] NOTICE  cufio:294 cuFileHandleRegister GDS not supported or disabled by config, using cuFile posix read/write with compat mode enabled
 29-04-2026 18:56:21:667 [pid=20601 tid=20606] ERROR  cufio-fs:328 error creating udev_device for block device dev_no: 0:39
 29-04-2026 18:56:21:667 [pid=20601 tid=20606] ERROR  cufio-fs:767 error getting volume attributes error for device: dev_no: 0:39
 29-04-2026 18:56:21:667 [pid=20601 tid=20606] NOTICE  cufio:294 cuFileHandleRegister GDS not supported or disabled by config, using cuFile posix read/write with compat mode enabled
 29-04-2026 18:56:21:667 [pid=20601 tid=20602] ERROR  cufio-fs:328 error creating udev_device for block device dev_no: 0:39
 29-04-2026 18:56:21:667 [pid=20601 tid=20602] ERROR  cufio-fs:767 error getting volume attributes error for device: dev_no: 0:39
 29-04-2026 18:56:21:667 [pid=20601 tid=20602] NOTICE  cufio:294 cuFileHandleRegister GDS not supported or disabled by config, using cuFile posix read/write with compat mode enabled
 29-04-2026 18:56:21:667 [pid=20601 tid=20607] ERROR  cufio-fs:328 error creating udev_device for block device dev_no: 0:39
 29-04-2026 18:56:21:667 [pid=20601 tid=20607] ERROR  cufio-fs:767 error getting volume attributes error for device: dev_no: 0:39
 29-04-2026 18:56:21:667 [pid=20601 tid=20607] ERROR  cufio-obj:242 unable to get volume attributes for fd 20
 29-04-2026 18:56:21:667 [pid=20601 tid=20607] ERROR  cufio:312 cuFileHandleRegister error, failed to allocate file object
 29-04-2026 18:56:21:667 [pid=20601 tid=20607] ERROR  cufio:340 cuFileHandleRegister error: internal error
 29-04-2026 18:56:21:667 [pid=20601 tid=20605] ERROR  cufio-fs:328 error creating udev_device for block device dev_no: 0:39
 29-04-2026 18:56:21:667 [pid=20601 tid=20605] ERROR  cufio-fs:767 error getting volume attributes error for device: dev_no: 0:39
 29-04-2026 18:56:21:667 [pid=20601 tid=20605] ERROR  cufio-obj:242 unable to get volume attributes for fd 21
 29-04-2026 18:56:21:667 [pid=20601 tid=20605] ERROR  cufio:312 cuFileHandleRegister error, failed to allocate file object
 29-04-2026 18:56:21:667 [pid=20601 tid=20605] ERROR  cufio:340 cuFileHandleRegister error: internal error
 29-04-2026 18:56:21:667 [pid=20601 tid=20604] ERROR  cufio-fs:328 error creating udev_device for block device dev_no: 0:39
 29-04-2026 18:56:21:667 [pid=20601 tid=20604] ERROR  cufio-fs:767 error getting volume attributes error for device: dev_no: 0:39
 29-04-2026 18:56:21:667 [pid=20601 tid=20604] ERROR  cufio-obj:242 unable to get volume attributes for fd 22
 29-04-2026 18:56:21:667 [pid=20601 tid=20604] ERROR  cufio:312 cuFileHandleRegister error, failed to allocate file object
 29-04-2026 18:56:21:667 [pid=20601 tid=20604] ERROR  cufio:340 cuFileHandleRegister error: internal error
 29-04-2026 18:56:21:668 [pid=20601 tid=20606] ERROR  cufio-fs:328 error creating udev_device for block device dev_no: 0:39
 29-04-2026 18:56:21:668 [pid=20601 tid=20606] ERROR  cufio-fs:767 error getting volume attributes error for device: dev_no: 0:39
 29-04-2026 18:56:21:668 [pid=20601 tid=20606] ERROR  cufio-obj:242 unable to get volume attributes for fd 24
 29-04-2026 18:56:21:668 [pid=20601 tid=20602] ERROR  cufio-fs:328 error creating udev_device for block device dev_no: 0:39
 29-04-2026 18:56:21:668 [pid=20601 tid=20602] ERROR  cufio-fs:767 error getting volume attributes error for device: dev_no: 0:39
 29-04-2026 18:56:21:668 [pid=20601 tid=20602] ERROR  cufio-obj:242 unable to get volume attributes for fd 23
 29-04-2026 18:56:21:668 [pid=20601 tid=20602] ERROR  cufio:312 cuFileHandleRegister error, failed to allocate file object
 29-04-2026 18:56:21:668 [pid=20601 tid=20602] ERROR  cufio:340 cuFileHandleRegister error: internal error
 29-04-2026 18:56:21:668 [pid=20601 tid=20606] ERROR  cufio:312 cuFileHandleRegister error, failed to allocate file object
 29-04-2026 18:56:21:668 [pid=20601 tid=20606] ERROR  cufio:340 cuFileHandleRegister error: internal error
