 29-04-2026 19:03:37:285 [pid=22720 tid=22726] NOTICE  cufio-drv:855 running in compatible mode
 29-04-2026 19:03:38:210 [pid=22720 tid=22726] ERROR  cufio-fs:328 error creating udev_device for block device dev_no: 0:39
 29-04-2026 19:03:38:210 [pid=22720 tid=22726] ERROR  cufio-fs:767 error getting volume attributes error for device: dev_no: 0:39
 29-04-2026 19:03:38:210 [pid=22720 tid=22726] NOTICE  cufio:294 cuFileHandleRegister GDS not supported or disabled by config, using cuFile posix read/write with compat mode enabled
 29-04-2026 19:03:38:210 [pid=22720 tid=22726] ERROR  cufio-fs:328 error creating udev_device for block device dev_no: 0:39
 29-04-2026 19:03:38:210 [pid=22720 tid=22726] ERROR  cufio-fs:767 error getting volume attributes error for device: dev_no: 0:39
 29-04-2026 19:03:38:210 [pid=22720 tid=22726] ERROR  cufio-obj:242 unable to get volume attributes for fd 20
 29-04-2026 19:03:38:210 [pid=22720 tid=22726] ERROR  cufio:312 cuFileHandleRegister error, failed to allocate file object
 29-04-2026 19:03:38:211 [pid=22720 tid=22726] ERROR  cufio:340 cuFileHandleRegister error: internal error
 29-04-2026 19:03:38:211 [pid=22720 tid=22721] ERROR  cufio-fs:328 error creating udev_device for block device dev_no: 0:39
 29-04-2026 19:03:38:211 [pid=22720 tid=22721] ERROR  cufio-fs:767 error getting volume attributes error for device: dev_no: 0:39
 29-04-2026 19:03:38:211 [pid=22720 tid=22721] NOTICE  cufio:294 cuFileHandleRegister GDS not supported or disabled by config, using cuFile posix read/write with compat mode enabled
 29-04-2026 19:03:38:211 [pid=22720 tid=22724] ERROR  cufio-fs:328 error creating udev_device for block device dev_no: 0:39
 29-04-2026 19:03:38:211 [pid=22720 tid=22724] ERROR  cufio-fs:767 error getting volume attributes error for device: dev_no: 0:39
 29-04-2026 19:03:38:211 [pid=22720 tid=22724] NOTICE  cufio:294 cuFileHandleRegister GDS not supported or disabled by config, using cuFile posix read/write with compat mode enabled
 29-04-2026 19:03:38:211 [pid=22720 tid=22723] ERROR  cufio-fs:328 error creating udev_device for block device dev_no: 0:39
 29-04-2026 19:03:38:211 [pid=22720 tid=22723] ERROR  cufio-fs:767 error getting volume attributes error for device: dev_no: 0:39
 29-04-2026 19:03:38:211 [pid=22720 tid=22723] NOTICE  cufio:294 cuFileHandleRegister GDS not supported or disabled by config, using cuFile posix read/write with compat mode enabled
 29-04-2026 19:03:38:211 [pid=22720 tid=22725] ERROR  cufio-fs:328 error creating udev_device for block device dev_no: 0:39
 29-04-2026 19:03:38:211 [pid=22720 tid=22725] ERROR  cufio-fs:767 error getting volume attributes error for device: dev_no: 0:39
 29-04-2026 19:03:38:211 [pid=22720 tid=22725] NOTICE  cufio:294 cuFileHandleRegister GDS not supported or disabled by config, using cuFile posix read/write with compat mode enabled
 29-04-2026 19:03:38:211 [pid=22720 tid=22721] ERROR  cufio-fs:328 error creating udev_device for block device dev_no: 0:39
 29-04-2026 19:03:38:211 [pid=22720 tid=22721] ERROR  cufio-fs:767 error getting volume attributes error for device: dev_no: 0:39
 29-04-2026 19:03:38:211 [pid=22720 tid=22721] ERROR  cufio-obj:242 unable to get volume attributes for fd 23
 29-04-2026 19:03:38:211 [pid=22720 tid=22721] ERROR  cufio:312 cuFileHandleRegister error, failed to allocate file object
 29-04-2026 19:03:38:211 [pid=22720 tid=22721] ERROR  cufio:340 cuFileHandleRegister error: internal error
 29-04-2026 19:03:38:211 [pid=22720 tid=22724] ERROR  cufio-fs:328 error creating udev_device for block device dev_no: 0:39
 29-04-2026 19:03:38:212 [pid=22720 tid=22724] ERROR  cufio-fs:767 error getting volume attributes error for device: dev_no: 0:39
 29-04-2026 19:03:38:212 [pid=22720 tid=22724] ERROR  cufio-obj:242 unable to get volume attributes for fd 22
 29-04-2026 19:03:38:212 [pid=22720 tid=22724] ERROR  cufio:312 cuFileHandleRegister error, failed to allocate file object
 29-04-2026 19:03:38:212 [pid=22720 tid=22724] ERROR  cufio:340 cuFileHandleRegister error: internal error
 29-04-2026 19:03:38:212 [pid=22720 tid=22723] ERROR  cufio-fs:328 error creating udev_device for block device dev_no: 0:39
 29-04-2026 19:03:38:212 [pid=22720 tid=22723] ERROR  cufio-fs:767 error getting volume attributes error for device: dev_no: 0:39
 29-04-2026 19:03:38:212 [pid=22720 tid=22723] ERROR  cufio-obj:242 unable to get volume attributes for fd 24
 29-04-2026 19:03:38:212 [pid=22720 tid=22723] ERROR  cufio:312 cuFileHandleRegister error, failed to allocate file object
 29-04-2026 19:03:38:212 [pid=22720 tid=22723] ERROR  cufio:340 cuFileHandleRegister error: internal error
 29-04-2026 19:03:38:212 [pid=22720 tid=22725] ERROR  cufio-fs:328 error creating udev_device for block device dev_no: 0:39
 29-04-2026 19:03:38:212 [pid=22720 tid=22725] ERROR  cufio-fs:767 error getting volume attributes error for device: dev_no: 0:39
 29-04-2026 19:03:38:212 [pid=22720 tid=22725] ERROR  cufio-obj:242 unable to get volume attributes for fd 21
 29-04-2026 19:03:38:212 [pid=22720 tid=22725] ERROR  cufio:312 cuFileHandleRegister error, failed to allocate file object
 29-04-2026 19:03:38:212 [pid=22720 tid=22725] ERROR  cufio:340 cuFileHandleRegister error: internal error
